2022-04-01 15:39:42,494 [myid:] - INFO  [main:QuorumPeerConfig@174] - Reading configuration from: /home/copia-ml/Documents/GitHub/Distributed-Systems/Assn4/zookeeper/bin/../conf/zoo.cfg
2022-04-01 15:39:42,499 [myid:] - INFO  [main:QuorumPeerConfig@460] - clientPortAddress is 0.0.0.0:2181
2022-04-01 15:39:42,499 [myid:] - INFO  [main:QuorumPeerConfig@464] - secureClientPort is not set
2022-04-01 15:39:42,499 [myid:] - INFO  [main:QuorumPeerConfig@480] - observerMasterPort is not set
2022-04-01 15:39:42,499 [myid:] - INFO  [main:QuorumPeerConfig@497] - metricsProvider.className is org.apache.zookeeper.metrics.impl.DefaultMetricsProvider
2022-04-01 15:39:42,500 [myid:] - INFO  [main:DatadirCleanupManager@78] - autopurge.snapRetainCount set to 3
2022-04-01 15:39:42,500 [myid:] - INFO  [main:DatadirCleanupManager@79] - autopurge.purgeInterval set to 0
2022-04-01 15:39:42,500 [myid:] - INFO  [main:DatadirCleanupManager@101] - Purge task is not scheduled.
2022-04-01 15:39:42,500 [myid:] - WARN  [main:QuorumPeerMain@138] - Either no config or no quorum defined in config, running in standalone mode
2022-04-01 15:39:42,502 [myid:] - INFO  [main:ManagedUtil@44] - Log4j 1.2 jmx support found and enabled.
2022-04-01 15:39:42,506 [myid:] - INFO  [main:QuorumPeerConfig@174] - Reading configuration from: /home/copia-ml/Documents/GitHub/Distributed-Systems/Assn4/zookeeper/bin/../conf/zoo.cfg
2022-04-01 15:39:42,506 [myid:] - INFO  [main:QuorumPeerConfig@460] - clientPortAddress is 0.0.0.0:2181
2022-04-01 15:39:42,506 [myid:] - INFO  [main:QuorumPeerConfig@464] - secureClientPort is not set
2022-04-01 15:39:42,507 [myid:] - INFO  [main:QuorumPeerConfig@480] - observerMasterPort is not set
2022-04-01 15:39:42,507 [myid:] - INFO  [main:QuorumPeerConfig@497] - metricsProvider.className is org.apache.zookeeper.metrics.impl.DefaultMetricsProvider
2022-04-01 15:39:42,507 [myid:] - INFO  [main:ZooKeeperServerMain@122] - Starting server
2022-04-01 15:39:42,513 [myid:] - INFO  [main:ServerMetrics@62] - ServerMetrics initialized with provider org.apache.zookeeper.metrics.impl.DefaultMetricsProvider@6ee12bac
2022-04-01 15:39:42,515 [myid:] - INFO  [main:FileTxnSnapLog@124] - zookeeper.snapshot.trust.empty : false
2022-04-01 15:39:42,519 [myid:] - INFO  [main:ZookeeperBanner@42] - 
2022-04-01 15:39:42,520 [myid:] - INFO  [main:ZookeeperBanner@42] -   ______                  _                                          
2022-04-01 15:39:42,520 [myid:] - INFO  [main:ZookeeperBanner@42] -  |___  /                 | |                                         
2022-04-01 15:39:42,520 [myid:] - INFO  [main:ZookeeperBanner@42] -     / /    ___     ___   | | __   ___    ___   _ __     ___   _ __   
2022-04-01 15:39:42,520 [myid:] - INFO  [main:ZookeeperBanner@42] -    / /    / _ \   / _ \  | |/ /  / _ \  / _ \ | '_ \   / _ \ | '__|
2022-04-01 15:39:42,520 [myid:] - INFO  [main:ZookeeperBanner@42] -   / /__  | (_) | | (_) | |   <  |  __/ |  __/ | |_) | |  __/ | |    
2022-04-01 15:39:42,520 [myid:] - INFO  [main:ZookeeperBanner@42] -  /_____|  \___/   \___/  |_|\_\  \___|  \___| | .__/   \___| |_|
2022-04-01 15:39:42,520 [myid:] - INFO  [main:ZookeeperBanner@42] -                                               | |                     
2022-04-01 15:39:42,520 [myid:] - INFO  [main:ZookeeperBanner@42] -                                               |_|                     
2022-04-01 15:39:42,520 [myid:] - INFO  [main:ZookeeperBanner@42] - 
2022-04-01 15:39:42,521 [myid:] - INFO  [main:Environment@98] - Server environment:zookeeper.version=3.6.3--6401e4ad2087061bc6b9f80dec2d69f2e3c8660a, built on 04/08/2021 16:35 GMT
2022-04-01 15:39:42,521 [myid:] - INFO  [main:Environment@98] - Server environment:host.name=copia-server
2022-04-01 15:39:42,521 [myid:] - INFO  [main:Environment@98] - Server environment:java.version=11.0.14.1
2022-04-01 15:39:42,521 [myid:] - INFO  [main:Environment@98] - Server environment:java.vendor=Ubuntu
2022-04-01 15:39:42,521 [myid:] - INFO  [main:Environment@98] - Server environment:java.home=/usr/lib/jvm/java-11-openjdk-amd64
2022-04-01 15:39:42,521 [myid:] - INFO  [main:Environment@98] - Server environment:java.class.path=/home/copia-ml/Documents/GitHub/Distributed-Systems/Assn4/zookeeper/bin/../zookeeper-server/target/classes:/home/copia-ml/Documents/GitHub/Distributed-Systems/Assn4/zookeeper/bin/../build/classes:/home/copia-ml/Documents/GitHub/Distributed-Systems/Assn4/zookeeper/bin/../zookeeper-server/target/lib/*.jar:/home/copia-ml/Documents/GitHub/Distributed-Systems/Assn4/zookeeper/bin/../build/lib/*.jar:/home/copia-ml/Documents/GitHub/Distributed-Systems/Assn4/zookeeper/bin/../lib/zookeeper-prometheus-metrics-3.6.3.jar:/home/copia-ml/Documents/GitHub/Distributed-Systems/Assn4/zookeeper/bin/../lib/zookeeper-jute-3.6.3.jar:/home/copia-ml/Documents/GitHub/Distributed-Systems/Assn4/zookeeper/bin/../lib/zookeeper-3.6.3.jar:/home/copia-ml/Documents/GitHub/Distributed-Systems/Assn4/zookeeper/bin/../lib/snappy-java-1.1.7.jar:/home/copia-ml/Documents/GitHub/Distributed-Systems/Assn4/zookeeper/bin/../lib/slf4j-log4j12-1.7.25.jar:/home/copia-ml/Documents/GitHub/Distributed-Systems/Assn4/zookeeper/bin/../lib/slf4j-api-1.7.25.jar:/home/copia-ml/Documents/GitHub/Distributed-Systems/Assn4/zookeeper/bin/../lib/simpleclient_servlet-0.6.0.jar:/home/copia-ml/Documents/GitHub/Distributed-Systems/Assn4/zookeeper/bin/../lib/simpleclient_hotspot-0.6.0.jar:/home/copia-ml/Documents/GitHub/Distributed-Systems/Assn4/zookeeper/bin/../lib/simpleclient_common-0.6.0.jar:/home/copia-ml/Documents/GitHub/Distributed-Systems/Assn4/zookeeper/bin/../lib/simpleclient-0.6.0.jar:/home/copia-ml/Documents/GitHub/Distributed-Systems/Assn4/zookeeper/bin/../lib/netty-transport-native-unix-common-4.1.63.Final.jar:/home/copia-ml/Documents/GitHub/Distributed-Systems/Assn4/zookeeper/bin/../lib/netty-transport-native-epoll-4.1.63.Final.jar:/home/copia-ml/Documents/GitHub/Distributed-Systems/Assn4/zookeeper/bin/../lib/netty-transport-4.1.63.Final.jar:/home/copia-ml/Documents/GitHub/Distributed-Systems/Assn4/zookeeper/bin/../lib/netty-resolver-4.1.63.Final.jar:/home/copia-ml/Documents/GitHub/Distributed-Systems/Assn4/zookeeper/bin/../lib/netty-handler-4.1.63.Final.jar:/home/copia-ml/Documents/GitHub/Distributed-Systems/Assn4/zookeeper/bin/../lib/netty-common-4.1.63.Final.jar:/home/copia-ml/Documents/GitHub/Distributed-Systems/Assn4/zookeeper/bin/../lib/netty-codec-4.1.63.Final.jar:/home/copia-ml/Documents/GitHub/Distributed-Systems/Assn4/zookeeper/bin/../lib/netty-buffer-4.1.63.Final.jar:/home/copia-ml/Documents/GitHub/Distributed-Systems/Assn4/zookeeper/bin/../lib/metrics-core-3.2.5.jar:/home/copia-ml/Documents/GitHub/Distributed-Systems/Assn4/zookeeper/bin/../lib/log4j-1.2.17.jar:/home/copia-ml/Documents/GitHub/Distributed-Systems/Assn4/zookeeper/bin/../lib/json-simple-1.1.1.jar:/home/copia-ml/Documents/GitHub/Distributed-Systems/Assn4/zookeeper/bin/../lib/jline-2.14.6.jar:/home/copia-ml/Documents/GitHub/Distributed-Systems/Assn4/zookeeper/bin/../lib/jetty-util-ajax-9.4.39.v20210325.jar:/home/copia-ml/Documents/GitHub/Distributed-Systems/Assn4/zookeeper/bin/../lib/jetty-util-9.4.39.v20210325.jar:/home/copia-ml/Documents/GitHub/Distributed-Systems/Assn4/zookeeper/bin/../lib/jetty-servlet-9.4.39.v20210325.jar:/home/copia-ml/Documents/GitHub/Distributed-Systems/Assn4/zookeeper/bin/../lib/jetty-server-9.4.39.v20210325.jar:/home/copia-ml/Documents/GitHub/Distributed-Systems/Assn4/zookeeper/bin/../lib/jetty-security-9.4.39.v20210325.jar:/home/copia-ml/Documents/GitHub/Distributed-Systems/Assn4/zookeeper/bin/../lib/jetty-io-9.4.39.v20210325.jar:/home/copia-ml/Documents/GitHub/Distributed-Systems/Assn4/zookeeper/bin/../lib/jetty-http-9.4.39.v20210325.jar:/home/copia-ml/Documents/GitHub/Distributed-Systems/Assn4/zookeeper/bin/../lib/javax.servlet-api-3.1.0.jar:/home/copia-ml/Documents/GitHub/Distributed-Systems/Assn4/zookeeper/bin/../lib/jackson-databind-2.10.5.1.jar:/home/copia-ml/Documents/GitHub/Distributed-Systems/Assn4/zookeeper/bin/../lib/jackson-core-2.10.5.jar:/home/copia-ml/Documents/GitHub/Distributed-Systems/Assn4/zookeeper/bin/../lib/jackson-annotations-2.10.5.jar:/home/copia-ml/Documents/GitHub/Distributed-Systems/Assn4/zookeeper/bin/../lib/commons-cli-1.2.jar:/home/copia-ml/Documents/GitHub/Distributed-Systems/Assn4/zookeeper/bin/../lib/audience-annotations-0.5.0.jar:/home/copia-ml/Documents/GitHub/Distributed-Systems/Assn4/zookeeper/bin/../zookeeper-*.jar:/home/copia-ml/Documents/GitHub/Distributed-Systems/Assn4/zookeeper/bin/../zookeeper-server/src/main/resources/lib/*.jar:/home/copia-ml/Documents/GitHub/Distributed-Systems/Assn4/zookeeper/bin/../conf:
2022-04-01 15:39:42,521 [myid:] - INFO  [main:Environment@98] - Server environment:java.library.path=/usr/java/packages/lib:/usr/lib/x86_64-linux-gnu/jni:/lib/x86_64-linux-gnu:/usr/lib/x86_64-linux-gnu:/usr/lib/jni:/lib:/usr/lib
2022-04-01 15:39:42,521 [myid:] - INFO  [main:Environment@98] - Server environment:java.io.tmpdir=/tmp
2022-04-01 15:39:42,521 [myid:] - INFO  [main:Environment@98] - Server environment:java.compiler=<NA>
2022-04-01 15:39:42,521 [myid:] - INFO  [main:Environment@98] - Server environment:os.name=Linux
2022-04-01 15:39:42,521 [myid:] - INFO  [main:Environment@98] - Server environment:os.arch=amd64
2022-04-01 15:39:42,521 [myid:] - INFO  [main:Environment@98] - Server environment:os.version=5.13.0-37-generic
2022-04-01 15:39:42,521 [myid:] - INFO  [main:Environment@98] - Server environment:user.name=root
2022-04-01 15:39:42,521 [myid:] - INFO  [main:Environment@98] - Server environment:user.home=/root
2022-04-01 15:39:42,521 [myid:] - INFO  [main:Environment@98] - Server environment:user.dir=/home/copia-ml/Documents/GitHub/Distributed-Systems/Assn4
2022-04-01 15:39:42,521 [myid:] - INFO  [main:Environment@98] - Server environment:os.memory.free=985MB
2022-04-01 15:39:42,522 [myid:] - INFO  [main:Environment@98] - Server environment:os.memory.max=1000MB
2022-04-01 15:39:42,522 [myid:] - INFO  [main:Environment@98] - Server environment:os.memory.total=1000MB
2022-04-01 15:39:42,522 [myid:] - INFO  [main:ZooKeeperServer@129] - zookeeper.enableEagerACLCheck = false
2022-04-01 15:39:42,522 [myid:] - INFO  [main:ZooKeeperServer@137] - zookeeper.digest.enabled = true
2022-04-01 15:39:42,522 [myid:] - INFO  [main:ZooKeeperServer@141] - zookeeper.closeSessionTxn.enabled = true
2022-04-01 15:39:42,522 [myid:] - INFO  [main:ZooKeeperServer@1461] - zookeeper.flushDelay=0
2022-04-01 15:39:42,522 [myid:] - INFO  [main:ZooKeeperServer@1470] - zookeeper.maxWriteQueuePollTime=0
2022-04-01 15:39:42,522 [myid:] - INFO  [main:ZooKeeperServer@1479] - zookeeper.maxBatchSize=1000
2022-04-01 15:39:42,522 [myid:] - INFO  [main:ZooKeeperServer@243] - zookeeper.intBufferStartingSizeBytes = 1024
2022-04-01 15:39:42,523 [myid:] - INFO  [main:BlueThrottle@141] - Weighed connection throttling is disabled
2022-04-01 15:39:42,523 [myid:] - INFO  [main:ZooKeeperServer@1273] - minSessionTimeout set to 4000
2022-04-01 15:39:42,523 [myid:] - INFO  [main:ZooKeeperServer@1282] - maxSessionTimeout set to 40000
2022-04-01 15:39:42,524 [myid:] - INFO  [main:ResponseCache@45] - Response cache size is initialized with value 400.
2022-04-01 15:39:42,524 [myid:] - INFO  [main:ResponseCache@45] - Response cache size is initialized with value 400.
2022-04-01 15:39:42,524 [myid:] - INFO  [main:RequestPathMetricsCollector@109] - zookeeper.pathStats.slotCapacity = 60
2022-04-01 15:39:42,525 [myid:] - INFO  [main:RequestPathMetricsCollector@110] - zookeeper.pathStats.slotDuration = 15
2022-04-01 15:39:42,525 [myid:] - INFO  [main:RequestPathMetricsCollector@111] - zookeeper.pathStats.maxDepth = 6
2022-04-01 15:39:42,525 [myid:] - INFO  [main:RequestPathMetricsCollector@112] - zookeeper.pathStats.initialDelay = 5
2022-04-01 15:39:42,525 [myid:] - INFO  [main:RequestPathMetricsCollector@113] - zookeeper.pathStats.delay = 5
2022-04-01 15:39:42,525 [myid:] - INFO  [main:RequestPathMetricsCollector@114] - zookeeper.pathStats.enabled = false
2022-04-01 15:39:42,526 [myid:] - INFO  [main:ZooKeeperServer@1498] - The max bytes for all large requests are set to 104857600
2022-04-01 15:39:42,526 [myid:] - INFO  [main:ZooKeeperServer@1512] - The large request threshold is set to -1
2022-04-01 15:39:42,526 [myid:] - INFO  [main:ZooKeeperServer@339] - Created server with tickTime 2000 minSessionTimeout 4000 maxSessionTimeout 40000 clientPortListenBacklog -1 datadir /data/zookeeper/version-2 snapdir /data/zookeeper/version-2
2022-04-01 15:39:42,538 [myid:] - INFO  [main:Log@169] - Logging initialized @288ms to org.eclipse.jetty.util.log.Slf4jLog
2022-04-01 15:39:42,574 [myid:] - WARN  [main:ContextHandler@1660] - o.e.j.s.ServletContextHandler@51399530{/,null,STOPPED} contextPath ends with /*
2022-04-01 15:39:42,574 [myid:] - WARN  [main:ContextHandler@1671] - Empty contextPath
2022-04-01 15:39:42,584 [myid:] - INFO  [main:Server@375] - jetty-9.4.39.v20210325; built: 2021-03-25T14:42:11.471Z; git: 9fc7ca5a922f2a37b84ec9dbc26a5168cee7e667; jvm 11.0.14.1+1-Ubuntu-0ubuntu1.20.04
2022-04-01 15:39:42,600 [myid:] - INFO  [main:DefaultSessionIdManager@334] - DefaultSessionIdManager workerName=node0
2022-04-01 15:39:42,600 [myid:] - INFO  [main:DefaultSessionIdManager@339] - No SessionScavenger set, using defaults
2022-04-01 15:39:42,600 [myid:] - INFO  [main:HouseKeeper@132] - node0 Scavenging every 660000ms
2022-04-01 15:39:42,602 [myid:] - WARN  [main:ConstraintSecurityHandler@759] - ServletContext@o.e.j.s.ServletContextHandler@51399530{/,null,STARTING} has uncovered http methods for path: /*
2022-04-01 15:39:42,606 [myid:] - INFO  [main:ContextHandler@916] - Started o.e.j.s.ServletContextHandler@51399530{/,null,AVAILABLE}
2022-04-01 15:39:42,617 [myid:] - INFO  [main:AbstractConnector@331] - Started ServerConnector@694abbdc{HTTP/1.1, (http/1.1)}{0.0.0.0:8080}
2022-04-01 15:39:42,617 [myid:] - INFO  [main:Server@415] - Started @368ms
2022-04-01 15:39:42,617 [myid:] - INFO  [main:JettyAdminServer@191] - Started AdminServer on address 0.0.0.0, port 8080 and command URL /commands
2022-04-01 15:39:42,620 [myid:] - INFO  [main:ServerCnxnFactory@169] - Using org.apache.zookeeper.server.NIOServerCnxnFactory as server connection factory
2022-04-01 15:39:42,620 [myid:] - WARN  [main:ServerCnxnFactory@309] - maxCnxns is not configured, using default value 0.
2022-04-01 15:39:42,621 [myid:] - INFO  [main:NIOServerCnxnFactory@666] - Configuring NIO connection handler with 10s sessionless connection timeout, 4 selector thread(s), 96 worker threads, and 64 kB direct buffers.
2022-04-01 15:39:42,621 [myid:] - INFO  [main:NIOServerCnxnFactory@674] - binding to port 0.0.0.0/0.0.0.0:2181
2022-04-01 15:39:42,629 [myid:] - INFO  [main:WatchManagerFactory@42] - Using org.apache.zookeeper.server.watch.WatchManager as watch manager
2022-04-01 15:39:42,629 [myid:] - INFO  [main:WatchManagerFactory@42] - Using org.apache.zookeeper.server.watch.WatchManager as watch manager
2022-04-01 15:39:42,630 [myid:] - INFO  [main:ZKDatabase@132] - zookeeper.snapshotSizeFactor = 0.33
2022-04-01 15:39:42,630 [myid:] - INFO  [main:ZKDatabase@152] - zookeeper.commitLogCount=500
2022-04-01 15:39:42,636 [myid:] - INFO  [main:SnapStream@61] - zookeeper.snapshot.compression.method = CHECKED
2022-04-01 15:39:42,637 [myid:] - INFO  [main:FileSnap@85] - Reading snapshot /data/zookeeper/version-2/snapshot.db6
2022-04-01 15:39:42,639 [myid:] - INFO  [main:DataTree@1730] - The digest in the snapshot has digest version of 2, , with zxid as 0xdb6, and digest value as 23376383425
2022-04-01 15:39:42,653 [myid:] - INFO  [main:ZKAuditProvider@42] - ZooKeeper audit is disabled.
2022-04-01 15:39:42,654 [myid:] - INFO  [main:FileTxnSnapLog@363] - 69 txns loaded in 9 ms
2022-04-01 15:39:42,654 [myid:] - INFO  [main:ZKDatabase@289] - Snapshot loaded in 25 ms, highest zxid is 0xdfb, digest is 25939324172
2022-04-01 15:39:42,654 [myid:] - INFO  [main:FileTxnSnapLog@470] - Snapshotting: 0xdfb to /data/zookeeper/version-2/snapshot.dfb
2022-04-01 15:39:42,655 [myid:] - INFO  [main:ZooKeeperServer@529] - Snapshot taken in 1 ms
2022-04-01 15:39:42,660 [myid:] - INFO  [main:RequestThrottler@74] - zookeeper.request_throttler.shutdownTimeout = 10000
2022-04-01 15:39:42,660 [myid:] - INFO  [ProcessThread(sid:0 cport:2181)::PrepRequestProcessor@136] - PrepRequestProcessor (sid:0) started, reconfigEnabled=false
2022-04-01 15:39:42,668 [myid:] - INFO  [main:ContainerManager@83] - Using checkIntervalMs=60000 maxPerMinute=10000 maxNeverUsedIntervalMs=0
2022-04-01 15:39:43,278 [myid:] - INFO  [SyncThread:0:FileTxnLog@284] - Creating new log file: log.dfc
2022-04-01 15:39:43,339 [myid:] - WARN  [NIOWorkerThread-45:NIOServerCnxn@364] - Unexpected exception
EndOfStreamException: Unable to read additional data from client, it probably closed the socket: address = /10.0.0.1:39590, session = 0x1000e7290d90000
	at org.apache.zookeeper.server.NIOServerCnxn.handleFailedRead(NIOServerCnxn.java:163)
	at org.apache.zookeeper.server.NIOServerCnxn.doIO(NIOServerCnxn.java:326)
	at org.apache.zookeeper.server.NIOServerCnxnFactory$IOWorkRequest.doWork(NIOServerCnxnFactory.java:522)
	at org.apache.zookeeper.server.WorkerService$ScheduledWorkRequest.run(WorkerService.java:154)
	at java.base/java.util.concurrent.ThreadPoolExecutor.runWorker(ThreadPoolExecutor.java:1128)
	at java.base/java.util.concurrent.ThreadPoolExecutor$Worker.run(ThreadPoolExecutor.java:628)
	at java.base/java.lang.Thread.run(Thread.java:829)
2022-04-01 15:39:53,447 [myid:] - INFO  [SessionTracker:ZooKeeperServer@610] - Expiring session 0x1000e7290d90000, timeout of 10000ms exceeded
2022-04-01 15:41:45,447 [myid:] - INFO  [SessionTracker:ZooKeeperServer@610] - Expiring session 0x1000e7290d90003, timeout of 10000ms exceeded
2022-04-01 15:41:45,447 [myid:] - INFO  [SessionTracker:ZooKeeperServer@610] - Expiring session 0x1000e7290d90001, timeout of 10000ms exceeded
2022-04-01 15:41:47,447 [myid:] - INFO  [SessionTracker:ZooKeeperServer@610] - Expiring session 0x1000e7290d90004, timeout of 10000ms exceeded
2022-04-01 15:41:47,447 [myid:] - INFO  [SessionTracker:ZooKeeperServer@610] - Expiring session 0x1000e7290d90002, timeout of 10000ms exceeded
