broker
In Broker
Creating node of key: 10.0.0.2 - value: 10.0.0.2:5000
I am still not leader :(
waiting
waiting
waiting
waiting
waiting
waiting
waiting
waiting
waiting
waiting
waiting
waiting
waiting
waiting
waiting
waiting
waiting
waiting
waiting
waiting
waiting
waiting
waiting
waiting
waiting
waiting
waiting
waiting
waiting
waiting
waiting
waiting
waiting
waiting
waiting
waiting
waiting
waiting
waiting
waiting
waiting
waiting
waiting
waiting
waiting
waiting
waiting
waiting
waiting
waiting
waiting
waiting
waiting
waiting
waiting
waiting
waiting
waiting
waiting
waiting
waiting
waiting
waiting
waiting
waiting
waiting
waiting
waiting
waiting
waiting
waiting
waiting
waiting
waiting
waiting
waiting
waiting
