publishing 39.55 to OND
publishing 39.5399 to OND
publishing 39.4999 to OND
publishing 39.735 to OND
publishing 39.48 to OND
publishing 39.5 to OND
publishing 40.35 to OND
publishing 39.57 to OND
publishing 39.78 to OND
publishing 39.59 to OND
publishing 39.07 to OND
publishing 39.11 to OND
publishing 39.34 to OND
publishing 39.14 to OND
publishing 39.09 to OND
publishing 39.16 to OND
publishing 39.08 to OND
publishing 39.05 to OND
publishing 39.23 to OND
publishing 39.26 to OND
publishing 39.32 to OND
publishing 39.32 to OND
publishing 39.28 to OND
publishing 39.35 to OND
publishing 39.38 to OND
publishing 39.39 to OND
publishing 39.39 to OND
publishing 39.77 to OND
publishing 39.731 to OND
publishing 39.93 to OND
publishing 39.711 to OND
publishing 39.73 to OND
publishing 39.68 to OND
publishing 39.52 to OND
publishing 39.54 to OND
publishing 39.3 to OND
publishing 39.12 to OND
publishing 39.0 to OND
publishing 39.06 to OND
publishing 38.99 to OND
publishing 38.81 to OND
publishing 38.83 to OND
publishing 38.94 to OND
publishing 38.97 to OND
publishing 38.97 to OND
publishing 38.9 to OND
publishing 38.88 to OND
publishing 38.87 to OND
publishing 38.86 to OND
publishing 39.96 to OND
publishing 40.0 to OND
publishing 40.2 to OND
publishing 40.22 to OND
publishing 40.13 to OND
publishing 40.09 to OND
publishing 40.05 to OND
publishing 40.05 to OND
publishing 40.08 to OND
publishing 40.12 to OND
publishing 40.16 to OND
publishing 40.19 to OND
publishing 40.18 to OND
publishing 40.13 to OND
publishing 40.06 to OND
publishing 40.05 to OND
publishing 40.02 to OND
publishing 40.02 to OND
publishing 40.02 to OND
publishing 40.01 to OND
publishing 40.01 to OND
publishing 40.0 to OND
publishing 40.11 to OND
publishing 40.33 to OND
publishing 40.44 to OND
publishing 40.47 to OND
publishing 40.56 to OND
publishing 40.59 to OND
publishing 40.69 to OND
publishing 40.68 to OND
publishing 40.7 to OND
publishing 40.63 to OND
publishing 40.63 to OND
publishing 40.64 to OND
publishing 40.69 to OND
publishing 40.77 to OND
publishing 40.81 to OND
publishing 40.82 to OND
publishing 40.81 to OND
publishing 40.84 to OND
publishing 40.81 to OND
publishing 40.82 to OND
publishing 40.82 to OND
publishing 41.0 to OND
publishing 40.88 to OND
publishing 40.79 to OND
publishing 40.59 to OND
publishing 40.67 to OND
publishing 40.62 to OND
publishing 40.63 to OND
publishing 40.38 to OND
publishing 40.41 to OND
publishing 40.25 to OND
publishing 40.31 to OND
publishing 40.34 to OND
publishing 40.28 to OND
Traceback (most recent call last):
  File "pubapp.py", line 24, in <module>
    main()
  File "pubapp.py", line 18, in main
    p.publish(ticker, data_point)
  File "/home/copia-ml/Documents/GitHub/CS6381-FINAL/pub.py", line 19, in publish
    if not self.k_utility.topic_exists(topic):
  File "/home/copia-ml/Documents/GitHub/CS6381-FINAL/Utilities/kafka_helper.py", line 30, in topic_exists
    consumer = KafkaConsumer(bootstrap_servers=f'{self.host_ip}:9092', group_id='test')
  File "/home/copia-ml/.local/lib/python3.8/site-packages/kafka/consumer/group.py", line 356, in __init__
    self._client = KafkaClient(metrics=self._metrics, **self.config)
  File "/home/copia-ml/.local/lib/python3.8/site-packages/kafka/client_async.py", line 244, in __init__
    self.config['api_version'] = self.check_version(timeout=check_timeout)
  File "/home/copia-ml/.local/lib/python3.8/site-packages/kafka/client_async.py", line 900, in check_version
    raise Errors.NoBrokersAvailable()
kafka.errors.NoBrokersAvailable: NoBrokersAvailable
