publishing 3722 to AXAS
publishing 315 to AXAS
publishing 214 to AXAS
publishing 9345 to AXAS
publishing 255 to AXAS
publishing 100 to AXAS
publishing 100 to AXAS
publishing 6872 to AXAS
publishing 12017 to AXAS
publishing 106 to AXAS
publishing 100 to AXAS
publishing 14152 to AXAS
publishing 10100 to AXAS
publishing 11338 to AXAS
publishing 10809 to AXAS
publishing 595 to AXAS
publishing 918 to AXAS
publishing 455 to AXAS
publishing 1016 to AXAS
publishing 1945 to AXAS
publishing 259 to AXAS
publishing 200 to AXAS
publishing 216 to AXAS
publishing 105 to AXAS
publishing 144 to AXAS
publishing 100 to AXAS
publishing 503 to AXAS
publishing 1720 to AXAS
publishing 3439 to AXAS
publishing 1329 to AXAS
publishing 1532 to AXAS
publishing 577 to AXAS
publishing 100 to AXAS
publishing 100 to AXAS
publishing 910 to AXAS
publishing 400 to AXAS
publishing 1400 to AXAS
publishing 563 to AXAS
publishing 600 to AXAS
publishing 500 to AXAS
publishing 100 to AXAS
publishing 6474 to AXAS
publishing 521 to AXAS
publishing 200 to AXAS
publishing 6364 to AXAS
publishing 900 to AXAS
publishing 1372 to AXAS
publishing 523 to AXAS
publishing 100 to AXAS
publishing 300 to AXAS
publishing 102 to AXAS
publishing 600 to AXAS
publishing 358 to AXAS
publishing 4699 to AXAS
publishing 700 to AXAS
publishing 100 to AXAS
publishing 4448 to AXAS
publishing 300 to AXAS
publishing 200 to AXAS
publishing 2800 to AXAS
publishing 135 to AXAS
publishing 205 to AXAS
publishing 740 to AXAS
publishing 200 to AXAS
publishing 1503 to AXAS
publishing 300 to AXAS
publishing 1100 to AXAS
publishing 536 to AXAS
publishing 2850 to AXAS
publishing 204 to AXAS
publishing 1259 to AXAS
publishing 1501 to AXAS
publishing 116 to AXAS
publishing 255 to AXAS
publishing 4135 to AXAS
publishing 2829 to AXAS
publishing 850 to AXAS
publishing 44247 to AXAS
publishing 310 to AXAS
publishing 901 to AXAS
publishing 600 to AXAS
publishing 700 to AXAS
publishing 511 to AXAS
publishing 209 to AXAS
publishing 124 to AXAS
publishing 311 to AXAS
publishing 1051 to AXAS
publishing 1757 to AXAS
publishing 101 to AXAS
publishing 6355 to AXAS
publishing 308 to AXAS
publishing 205 to AXAS
publishing 500 to AXAS
publishing 1000 to AXAS
publishing 100 to AXAS
publishing 202 to AXAS
publishing 200 to AXAS
publishing 103 to AXAS
publishing 500 to AXAS
publishing 100 to AXAS
publishing 100 to AXAS
publishing 202 to AXAS
publishing 359 to AXAS
publishing 629 to AXAS
publishing 102 to AXAS
Traceback (most recent call last):
  File "pubapp.py", line 24, in <module>
    main()
  File "pubapp.py", line 18, in main
    p.publish(ticker, data_point)
  File "/home/copia-ml/Documents/GitHub/CS6381-FINAL/pub.py", line 19, in publish
    if not self.k_utility.topic_exists(topic):
  File "/home/copia-ml/Documents/GitHub/CS6381-FINAL/Utilities/kafka_helper.py", line 30, in topic_exists
    consumer = KafkaConsumer(bootstrap_servers=f'{self.host_ip}:9092', group_id='test')
  File "/home/copia-ml/.local/lib/python3.8/site-packages/kafka/consumer/group.py", line 356, in __init__
    self._client = KafkaClient(metrics=self._metrics, **self.config)
  File "/home/copia-ml/.local/lib/python3.8/site-packages/kafka/client_async.py", line 244, in __init__
    self.config['api_version'] = self.check_version(timeout=check_timeout)
  File "/home/copia-ml/.local/lib/python3.8/site-packages/kafka/client_async.py", line 900, in check_version
    raise Errors.NoBrokersAvailable()
kafka.errors.NoBrokersAvailable: NoBrokersAvailable
