publishing 47.64 to CACG
publishing 47.52 to CACG
publishing 47.49 to CACG
publishing 47.5399 to CACG
publishing 47.19 to CACG
publishing 47.19 to CACG
publishing 47.145 to CACG
publishing 47.2 to CACG
publishing 47.2101 to CACG
publishing 47.34 to CACG
publishing 47.24 to CACG
publishing 47.23 to CACG
publishing 47.23 to CACG
publishing 47.23 to CACG
publishing 47.23 to CACG
publishing 47.22 to CACG
publishing 47.31 to CACG
publishing 47.31 to CACG
publishing 47.34 to CACG
publishing 47.33 to CACG
publishing 47.33 to CACG
publishing 47.33 to CACG
publishing 47.33 to CACG
publishing 47.34 to CACG
publishing 47.33 to CACG
publishing 47.33 to CACG
publishing 47.33 to CACG
publishing 47.34 to CACG
publishing 47.33 to CACG
publishing 47.2011 to CACG
publishing 47.33 to CACG
publishing 47.33 to CACG
publishing 47.33 to CACG
publishing 47.34 to CACG
publishing 47.34 to CACG
publishing 47.34 to CACG
publishing 47.31 to CACG
publishing 47.27 to CACG
publishing 47.27 to CACG
publishing 47.28 to CACG
publishing 47.27 to CACG
publishing 47.27 to CACG
publishing 47.27 to CACG
publishing 47.27 to CACG
publishing 47.19 to CACG
publishing 47.27 to CACG
publishing 47.27 to CACG
publishing 47.27 to CACG
publishing 47.27 to CACG
publishing 47.27 to CACG
publishing 47.27 to CACG
publishing 47.27 to CACG
publishing 47.27 to CACG
publishing 47.27 to CACG
publishing 47.27 to CACG
publishing 47.27 to CACG
publishing 47.27 to CACG
publishing 47.27 to CACG
publishing 47.27 to CACG
publishing 47.27 to CACG
publishing 47.27 to CACG
publishing 47.34 to CACG
publishing 47.36 to CACG
publishing 47.36 to CACG
publishing 47.36 to CACG
publishing 47.36 to CACG
publishing 47.36 to CACG
publishing 47.25 to CACG
publishing 47.2383 to CACG
publishing 47.2699 to CACG
publishing 47.42 to CACG
publishing 47.375 to CACG
publishing 47.39 to CACG
publishing 47.553 to CACG
publishing 47.41 to CACG
publishing 47.42 to CACG
publishing 47.56 to CACG
publishing 47.74 to CACG
publishing 47.6785 to CACG
publishing 47.6247 to CACG
publishing 47.7399 to CACG
publishing 47.74 to CACG
publishing 47.73 to CACG
publishing 47.67 to CACG
publishing 47.8186 to CACG
publishing 47.83 to CACG
publishing 47.97 to CACG
publishing 47.4567 to CACG
publishing 47.405 to CACG
publishing 47.4404 to CACG
publishing 47.405 to CACG
publishing 47.385 to CACG
publishing 47.285 to CACG
publishing 47.73 to CACG
publishing 47.8334 to CACG
publishing 47.7701 to CACG
publishing 47.791 to CACG
publishing 47.87 to CACG
publishing 47.9714 to CACG
publishing 47.964 to CACG
publishing 47.995 to CACG
publishing 48.17 to CACG
publishing 48.075 to CACG
publishing 48.075 to CACG
publishing 48.021 to CACG
Traceback (most recent call last):
  File "pubapp.py", line 24, in <module>
    main()
  File "pubapp.py", line 18, in main
    p.publish(ticker, data_point)
  File "/home/copia-ml/Documents/GitHub/CS6381-FINAL/pub.py", line 19, in publish
    if not self.k_utility.topic_exists(topic):
  File "/home/copia-ml/Documents/GitHub/CS6381-FINAL/Utilities/kafka_helper.py", line 30, in topic_exists
    consumer = KafkaConsumer(bootstrap_servers=f'{self.host_ip}:9092', group_id='test')
  File "/home/copia-ml/.local/lib/python3.8/site-packages/kafka/consumer/group.py", line 356, in __init__
    self._client = KafkaClient(metrics=self._metrics, **self.config)
  File "/home/copia-ml/.local/lib/python3.8/site-packages/kafka/client_async.py", line 244, in __init__
    self.config['api_version'] = self.check_version(timeout=check_timeout)
  File "/home/copia-ml/.local/lib/python3.8/site-packages/kafka/client_async.py", line 900, in check_version
    raise Errors.NoBrokersAvailable()
kafka.errors.NoBrokersAvailable: NoBrokersAvailable
