publishing 135.1 to AAPL
publishing 135.03 to AAPL
publishing 135.0 to AAPL
publishing 135.0 to AAPL
publishing 134.75 to AAPL
publishing 134.65 to AAPL
publishing 134.67 to AAPL
publishing 134.75 to AAPL
publishing 134.81 to AAPL
publishing 134.73 to AAPL
publishing 134.84 to AAPL
publishing 134.8 to AAPL
publishing 134.84 to AAPL
publishing 134.91 to AAPL
publishing 135.0 to AAPL
publishing 135.08 to AAPL
publishing 135.1 to AAPL
publishing 135.03 to AAPL
publishing 134.84 to AAPL
publishing 135.18 to AAPL
publishing 135.09 to AAPL
publishing 135.08 to AAPL
publishing 135.06 to AAPL
publishing 135.18 to AAPL
publishing 135.15 to AAPL
publishing 135.15 to AAPL
publishing 135.1 to AAPL
publishing 135.03 to AAPL
publishing 135.05 to AAPL
publishing 135.01 to AAPL
publishing 135.03 to AAPL
publishing 135.03 to AAPL
publishing 135.03 to AAPL
publishing 135.09 to AAPL
publishing 135.03 to AAPL
publishing 135.03 to AAPL
publishing 135.04 to AAPL
publishing 135.0 to AAPL
publishing 134.99 to AAPL
publishing 134.85 to AAPL
publishing 134.86 to AAPL
publishing 134.85 to AAPL
publishing 134.77 to AAPL
publishing 134.67 to AAPL
publishing 134.79 to AAPL
publishing 134.69 to AAPL
publishing 134.67 to AAPL
publishing 134.6 to AAPL
publishing 134.55 to AAPL
publishing 134.55 to AAPL
publishing 134.57 to AAPL
publishing 134.59 to AAPL
publishing 134.5 to AAPL
publishing 134.59 to AAPL
publishing 134.43 to AAPL
publishing 134.5 to AAPL
publishing 134.46 to AAPL
publishing 134.46 to AAPL
publishing 134.48 to AAPL
publishing 134.49 to AAPL
publishing 134.41 to AAPL
publishing 134.36 to AAPL
publishing 134.4 to AAPL
publishing 134.35 to AAPL
publishing 134.31 to AAPL
publishing 134.36 to AAPL
publishing 134.34 to AAPL
publishing 134.31 to AAPL
publishing 134.3 to AAPL
publishing 134.3 to AAPL
publishing 134.3 to AAPL
publishing 134.31 to AAPL
publishing 134.24 to AAPL
publishing 134.4 to AAPL
publishing 134.4 to AAPL
publishing 134.5 to AAPL
publishing 134.59 to AAPL
publishing 134.58 to AAPL
publishing 134.52 to AAPL
publishing 134.59 to AAPL
publishing 134.53 to AAPL
publishing 134.54 to AAPL
publishing 134.35 to AAPL
publishing 134.12 to AAPL
publishing 134.17 to AAPL
publishing 134.23 to AAPL
publishing 134.29 to AAPL
publishing 134.3 to AAPL
publishing 134.3 to AAPL
publishing 134.42 to AAPL
publishing 134.39 to AAPL
publishing 134.35 to AAPL
publishing 134.35 to AAPL
publishing 134.42 to AAPL
publishing 134.48 to AAPL
publishing 134.47 to AAPL
publishing 134.48 to AAPL
publishing 134.37 to AAPL
publishing 134.39 to AAPL
publishing 134.3889 to AAPL
publishing 134.37 to AAPL
publishing 134.41 to AAPL
publishing 134.43 to AAPL
publishing 134.42 to AAPL
publishing 134.4 to AAPL
Traceback (most recent call last):
  File "pubapp.py", line 24, in <module>
    main()
  File "pubapp.py", line 18, in main
    p.publish(ticker, data_point)
  File "/home/copia-ml/Documents/GitHub/CS6381-FINAL/pub.py", line 19, in publish
    if not self.k_utility.topic_exists(topic):
  File "/home/copia-ml/Documents/GitHub/CS6381-FINAL/Utilities/kafka_helper.py", line 30, in topic_exists
    consumer = KafkaConsumer(bootstrap_servers=f'{self.host_ip}:9092', group_id='test')
  File "/home/copia-ml/.local/lib/python3.8/site-packages/kafka/consumer/group.py", line 356, in __init__
    self._client = KafkaClient(metrics=self._metrics, **self.config)
  File "/home/copia-ml/.local/lib/python3.8/site-packages/kafka/client_async.py", line 244, in __init__
    self.config['api_version'] = self.check_version(timeout=check_timeout)
  File "/home/copia-ml/.local/lib/python3.8/site-packages/kafka/client_async.py", line 900, in check_version
    raise Errors.NoBrokersAvailable()
kafka.errors.NoBrokersAvailable: NoBrokersAvailable
